<?xml version="1.0" encoding="UTF-8"?>
<!-- Generated by org.testng.reporters.JUnitReportReporter -->
<testsuite hostname="DESKTOP-HSRPIBU" failures="0" tests="1" name="com.todo.tests.AddToDoTest" time="5.890" errors="0" timestamp="2022-03-05T11:41:37 WAT" skipped="0">
  <testcase classname="com.todo.tests.AddToDoTest" name="iAddMyToDo" time="5.890"/>
  <system-out/>
</testsuite> <!-- com.todo.tests.AddToDoTest -->
